# JRE version: OpenJDK Runtime Environment (Zulu 8.80.0.17-CA-win64) (8.0_422-b05) (build 1.8.0_422-b05)
# Java VM: OpenJDK 64-Bit Server VM (25.422-b05 mixed mode windows-amd64 compressed oops)
Heap:
 PSYoungGen      total 256000K, used 47025K [0x00000000d5580000, 0x00000000ea580000, 0x0000000100000000)
  eden space 225792K, 20% used [0x00000000d5580000,0x00000000d836c728,0x00000000e3200000)
  from space 30208K, 0% used [0x00000000e3200000,0x00000000e3200000,0x00000000e4f80000)
  to   space 35328K, 0% used [0x00000000e8300000,0x00000000e8300000,0x00000000ea580000)
 ParOldGen       total 365056K, used 55651K [0x0000000080000000, 0x0000000096480000, 0x00000000d5580000)
  object space 365056K, 15% used [0x0000000080000000,0x0000000083658c10,0x0000000096480000)
 Metaspace       used 95940K, capacity 99068K, committed 99480K, reserved 1136640K
  class space    used 12560K, capacity 13157K, committed 13208K, reserved 1048576K
GC Heap History (10 events):
Event: 6.004 GC heap before
{Heap before GC invocations=15 (full 3):
 PSYoungGen      total 176128K, used 160256K [0x00000000d5580000, 0x00000000e4880000, 0x0000000100000000)
  eden space 160256K, 100% used [0x00000000d5580000,0x00000000df200000,0x00000000df200000)
  from space 15872K, 0% used [0x00000000df200000,0x00000000df200000,0x00000000e0180000)
  to   space 21504K, 0% used [0x00000000e3380000,0x00000000e3380000,0x00000000e4880000)
 ParOldGen       total 262144K, used 38206K [0x0000000080000000, 0x0000000090000000, 0x00000000d5580000)
  object space 262144K, 14% used [0x0000000080000000,0x000000008254fa08,0x0000000090000000)
 Metaspace       used 65345K, capacity 67788K, committed 68248K, reserved 1107968K
  class space    used 9066K, capacity 9536K, committed 9624K, reserved 1048576K
Event: 6.011 GC heap after
Heap after GC invocations=15 (full 3):
 PSYoungGen      total 208384K, used 15497K [0x00000000d5580000, 0x00000000e4300000, 0x0000000100000000)
  eden space 192512K, 0% used [0x00000000d5580000,0x00000000d5580000,0x00000000e1180000)
  from space 15872K, 97% used [0x00000000e3380000,0x00000000e42a27f8,0x00000000e4300000)
  to   space 22528K, 0% used [0x00000000e1700000,0x00000000e1700000,0x00000000e2d00000)
 ParOldGen       total 262144K, used 38214K [0x0000000080000000, 0x0000000090000000, 0x00000000d5580000)
  object space 262144K, 14% used [0x0000000080000000,0x0000000082551a08,0x0000000090000000)
 Metaspace       used 65345K, capacity 67788K, committed 68248K, reserved 1107968K
  class space    used 9066K, capacity 9536K, committed 9624K, reserved 1048576K
}
Event: 6.811 GC heap before
{Heap before GC invocations=16 (full 3):
 PSYoungGen      total 208384K, used 208009K [0x00000000d5580000, 0x00000000e4300000, 0x0000000100000000)
  eden space 192512K, 100% used [0x00000000d5580000,0x00000000e1180000,0x00000000e1180000)
  from space 15872K, 97% used [0x00000000e3380000,0x00000000e42a27f8,0x00000000e4300000)
  to   space 22528K, 0% used [0x00000000e1700000,0x00000000e1700000,0x00000000e2d00000)
 ParOldGen       total 262144K, used 38214K [0x0000000080000000, 0x0000000090000000, 0x00000000d5580000)
  object space 262144K, 14% used [0x0000000080000000,0x0000000082551a08,0x0000000090000000)
 Metaspace       used 73689K, capacity 76260K, committed 76696K, reserved 1116160K
  class space    used 10068K, capacity 10612K, committed 10648K, reserved 1048576K
Event: 6.823 GC heap after
Heap after GC invocations=16 (full 3):
 PSYoungGen      total 220672K, used 21501K [0x00000000d5580000, 0x00000000e6800000, 0x0000000100000000)
  eden space 198144K, 0% used [0x00000000d5580000,0x00000000d5580000,0x00000000e1700000)
  from space 22528K, 95% used [0x00000000e1700000,0x00000000e2bff640,0x00000000e2d00000)
  to   space 25088K, 0% used [0x00000000e4f80000,0x00000000e4f80000,0x00000000e6800000)
 ParOldGen       total 262144K, used 38222K [0x0000000080000000, 0x0000000090000000, 0x00000000d5580000)
  object space 262144K, 14% used [0x0000000080000000,0x0000000082553a08,0x0000000090000000)
 Metaspace       used 73689K, capacity 76260K, committed 76696K, reserved 1116160K
  class space    used 10068K, capacity 10612K, committed 10648K, reserved 1048576K
}
Event: 7.877 GC heap before
{Heap before GC invocations=17 (full 3):
 PSYoungGen      total 220672K, used 219645K [0x00000000d5580000, 0x00000000e6800000, 0x0000000100000000)
  eden space 198144K, 100% used [0x00000000d5580000,0x00000000e1700000,0x00000000e1700000)
  from space 22528K, 95% used [0x00000000e1700000,0x00000000e2bff640,0x00000000e2d00000)
  to   space 25088K, 0% used [0x00000000e4f80000,0x00000000e4f80000,0x00000000e6800000)
 ParOldGen       total 262144K, used 38222K [0x0000000080000000, 0x0000000090000000, 0x00000000d5580000)
  object space 262144K, 14% used [0x0000000080000000,0x0000000082553a08,0x0000000090000000)
 Metaspace       used 85691K, capacity 88322K, committed 88984K, reserved 1126400K
  class space    used 11338K, capacity 11877K, committed 11928K, reserved 1048576K
Event: 7.892 GC heap after
Heap after GC invocations=17 (full 3):
 PSYoungGen      total 250880K, used 25062K [0x00000000d5580000, 0x00000000e7800000, 0x0000000100000000)
  eden space 225792K, 0% used [0x00000000d5580000,0x00000000d5580000,0x00000000e3200000)
  from space 25088K, 99% used [0x00000000e4f80000,0x00000000e67f9a80,0x00000000e6800000)
  to   space 30208K, 0% used [0x00000000e3200000,0x00000000e3200000,0x00000000e4f80000)
 ParOldGen       total 262144K, used 42079K [0x0000000080000000, 0x0000000090000000, 0x00000000d5580000)
  object space 262144K, 16% used [0x0000000080000000,0x0000000082917cb8,0x0000000090000000)
 Metaspace       used 85691K, capacity 88322K, committed 88984K, reserved 1126400K
  class space    used 11338K, capacity 11877K, committed 11928K, reserved 1048576K
}
Event: 8.902 GC heap before
{Heap before GC invocations=18 (full 3):
 PSYoungGen      total 250880K, used 200678K [0x00000000d5580000, 0x00000000e7800000, 0x0000000100000000)
  eden space 225792K, 77% used [0x00000000d5580000,0x00000000e0100050,0x00000000e3200000)
  from space 25088K, 99% used [0x00000000e4f80000,0x00000000e67f9a80,0x00000000e6800000)
  to   space 30208K, 0% used [0x00000000e3200000,0x00000000e3200000,0x00000000e4f80000)
 ParOldGen       total 262144K, used 42079K [0x0000000080000000, 0x0000000090000000, 0x00000000d5580000)
  object space 262144K, 16% used [0x0000000080000000,0x0000000082917cb8,0x0000000090000000)
 Metaspace       used 95227K, capacity 98332K, committed 98600K, reserved 1134592K
  class space    used 12483K, capacity 13087K, committed 13208K, reserved 1048576K
Event: 8.926 GC heap after
Heap after GC invocations=18 (full 3):
 PSYoungGen      total 256000K, used 30181K [0x00000000d5580000, 0x00000000ea580000, 0x0000000100000000)
  eden space 225792K, 0% used [0x00000000d5580000,0x00000000d5580000,0x00000000e3200000)
  from space 30208K, 99% used [0x00000000e3200000,0x00000000e4f79658,0x00000000e4f80000)
  to   space 35328K, 0% used [0x00000000e8300000,0x00000000e8300000,0x00000000ea580000)
 ParOldGen       total 262144K, used 43764K [0x0000000080000000, 0x0000000090000000, 0x00000000d5580000)
  object space 262144K, 16% used [0x0000000080000000,0x0000000082abd390,0x0000000090000000)
 Metaspace       used 95227K, capacity 98332K, committed 98600K, reserved 1134592K
  class space    used 12483K, capacity 13087K, committed 13208K, reserved 1048576K
}
Event: 8.926 GC heap before
{Heap before GC invocations=19 (full 4):
 PSYoungGen      total 256000K, used 30181K [0x00000000d5580000, 0x00000000ea580000, 0x0000000100000000)
  eden space 225792K, 0% used [0x00000000d5580000,0x00000000d5580000,0x00000000e3200000)
  from space 30208K, 99% used [0x00000000e3200000,0x00000000e4f79658,0x00000000e4f80000)
  to   space 35328K, 0% used [0x00000000e8300000,0x00000000e8300000,0x00000000ea580000)
 ParOldGen       total 262144K, used 43764K [0x0000000080000000, 0x0000000090000000, 0x00000000d5580000)
  object space 262144K, 16% used [0x0000000080000000,0x0000000082abd390,0x0000000090000000)
 Metaspace       used 95227K, capacity 98332K, committed 98600K, reserved 1134592K
  class space    used 12483K, capacity 13087K, committed 13208K, reserved 1048576K
Event: 9.037 GC heap after
Heap after GC invocations=19 (full 4):
 PSYoungGen      total 256000K, used 0K [0x00000000d5580000, 0x00000000ea580000, 0x0000000100000000)
  eden space 225792K, 0% used [0x00000000d5580000,0x00000000d5580000,0x00000000e3200000)
  from space 30208K, 0% used [0x00000000e3200000,0x00000000e3200000,0x00000000e4f80000)
  to   space 35328K, 0% used [0x00000000e8300000,0x00000000e8300000,0x00000000ea580000)
 ParOldGen       total 365056K, used 55651K [0x0000000080000000, 0x0000000096480000, 0x00000000d5580000)
  object space 365056K, 15% used [0x0000000080000000,0x0000000083658c10,0x0000000096480000)
 Metaspace       used 95227K, capacity 98332K, committed 98600K, reserved 1134592K
  class space    used 12483K, capacity 13087K, committed 13208K, reserved 1048576K
}

